<?xml version="1.0" encoding="UTF-8"?>
<!-- Generated by org.testng.reporters.JUnitXMLReporter -->
<testsuite ignored="0" hostname="L-158032554" failures="0" tests="4" name="Test" time="12.292" errors="0" timestamp="2024-01-02T08:27:10 IST">
  <testcase classname="APIChaining.CreateUser" name="testCreateUser" time="8.718"/>
  <testcase classname="APIChaining.GetUser" name="testGetUser" time="1.742"/>
  <testcase classname="APIChaining.UpdateUser" name="testUpdateUser" time="0.894"/>
  <testcase classname="APIChaining.DeleteUser" name="testDeleteUser" time="0.767"/>
</testsuite> <!-- Test -->
