<?xml version="1.0" encoding="UTF-8"?>
<!-- Generated by org.testng.reporters.JUnitXMLReporter -->
<testsuite ignored="0" hostname="L-158032554" failures="0" tests="4" name="Tests" time="6.177" errors="0" timestamp="2024-01-05T22:27:46 IST">
  <testcase classname="api.test.UserTests2" name="testPostUser" time="3.518"/>
  <testcase classname="api.test.UserTests2" name="testGetUserByName" time="0.347"/>
  <testcase classname="api.test.UserTests2" name="testUpdateUserByName" time="0.723"/>
  <testcase classname="api.test.UserTests2" name="testDeleteUserByName" time="0.351"/>
</testsuite> <!-- Tests -->
