<?xml version="1.0" encoding="UTF-8"?>
<testng-results ignored="0" total="4" passed="4" failed="0" skipped="0">
  <reporter-output>
  </reporter-output>
  <suite started-at="2024-01-05T22:27:40 IST" name="Suite" finished-at="2024-01-05T22:27:46 IST" duration-ms="6177">
    <groups>
    </groups>
    <test started-at="2024-01-05T22:27:40 IST" name="Tests" finished-at="2024-01-05T22:27:46 IST" duration-ms="6177">
      <class name="api.test.UserTests2">
        <test-method is-config="true" signature="setUpData()[pri:0, instance:api.test.UserTests2@27f981c6]" started-at="2024-01-05T22:27:40 IST" name="setUpData" finished-at="2024-01-05T22:27:41 IST" duration-ms="1192" status="PASS">
          <reporter-output>
          </reporter-output>
        </test-method> <!-- setUpData -->
        <test-method signature="testPostUser()[pri:1, instance:api.test.UserTests2@27f981c6]" started-at="2024-01-05T22:27:41 IST" name="testPostUser" finished-at="2024-01-05T22:27:45 IST" duration-ms="3518" status="PASS">
          <reporter-output>
          </reporter-output>
        </test-method> <!-- testPostUser -->
        <test-method signature="testGetUserByName()[pri:2, instance:api.test.UserTests2@27f981c6]" started-at="2024-01-05T22:27:45 IST" name="testGetUserByName" finished-at="2024-01-05T22:27:45 IST" duration-ms="347" status="PASS">
          <reporter-output>
          </reporter-output>
        </test-method> <!-- testGetUserByName -->
        <test-method signature="testUpdateUserByName()[pri:3, instance:api.test.UserTests2@27f981c6]" started-at="2024-01-05T22:27:45 IST" name="testUpdateUserByName" finished-at="2024-01-05T22:27:46 IST" duration-ms="723" status="PASS">
          <reporter-output>
          </reporter-output>
        </test-method> <!-- testUpdateUserByName -->
        <test-method signature="testDeleteUserByName()[pri:4, instance:api.test.UserTests2@27f981c6]" started-at="2024-01-05T22:27:46 IST" name="testDeleteUserByName" finished-at="2024-01-05T22:27:46 IST" duration-ms="351" status="PASS">
          <reporter-output>
          </reporter-output>
        </test-method> <!-- testDeleteUserByName -->
      </class> <!-- api.test.UserTests2 -->
    </test> <!-- Tests -->
  </suite> <!-- Suite -->
</testng-results>
