<?xml version="1.0" encoding="UTF-8"?>
<testng-results ignored="0" total="1" passed="1" failed="0" skipped="0">
  <reporter-output>
  </reporter-output>
  <suite started-at="2024-01-15T14:52:12 IST" name="Default suite" finished-at="2024-01-15T14:52:13 IST" duration-ms="842">
    <groups>
    </groups>
    <test started-at="2024-01-15T14:52:12 IST" name="Default test" finished-at="2024-01-15T14:52:13 IST" duration-ms="842">
      <class name="SchemaValidations.SerilizationAndDeserilization">
        <test-method signature="convertJson2Pojo()[pri:0, instance:SchemaValidations.SerilizationAndDeserilization@4659191b]" started-at="2024-01-15T14:52:12 IST" name="convertJson2Pojo" finished-at="2024-01-15T14:52:13 IST" duration-ms="702" status="PASS">
          <reporter-output>
          </reporter-output>
        </test-method> <!-- convertJson2Pojo -->
      </class> <!-- SchemaValidations.SerilizationAndDeserilization -->
    </test> <!-- Default test -->
  </suite> <!-- Default suite -->
</testng-results>
